Determining if the pthread_create exist failed with the following output:
Change Dir: /root/c/file_transfer/src/CMakeFiles/CMakeTmp

Run Build Command:"/usr/bin/make" "cmTC_c7fa3/fast"
/usr/bin/make -f CMakeFiles/cmTC_c7fa3.dir/build.make CMakeFiles/cmTC_c7fa3.dir/build
make[1]: Entering directory '/root/c/file_transfer/src/CMakeFiles/CMakeTmp'
Building C object CMakeFiles/cmTC_c7fa3.dir/CheckSymbolExists.c.o
/usr/bin/cc     -o CMakeFiles/cmTC_c7fa3.dir/CheckSymbolExists.c.o   -c /root/c/file_transfer/src/CMakeFiles/CMakeTmp/CheckSymbolExists.c
Linking C executable cmTC_c7fa3
/usr/bin/cmake -E cmake_link_script CMakeFiles/cmTC_c7fa3.dir/link.txt --verbose=1
/usr/bin/cc       CMakeFiles/cmTC_c7fa3.dir/CheckSymbolExists.c.o  -o cmTC_c7fa3 
CMakeFiles/cmTC_c7fa3.dir/CheckSymbolExists.c.o: In function `main':
CheckSymbolExists.c:(.text+0x16): undefined reference to `pthread_create'
collect2: error: ld returned 1 exit status
CMakeFiles/cmTC_c7fa3.dir/build.make:97: recipe for target 'cmTC_c7fa3' failed
make[1]: *** [cmTC_c7fa3] Error 1
make[1]: Leaving directory '/root/c/file_transfer/src/CMakeFiles/CMakeTmp'
Makefile:126: recipe for target 'cmTC_c7fa3/fast' failed
make: *** [cmTC_c7fa3/fast] Error 2

File /root/c/file_transfer/src/CMakeFiles/CMakeTmp/CheckSymbolExists.c:
/* */
#include <pthread.h>

int main(int argc, char** argv)
{
  (void)argv;
#ifndef pthread_create
  return ((int*)(&pthread_create))[argc];
#else
  (void)argc;
  return 0;
#endif
}

Determining if the function pthread_create exists in the pthreads failed with the following output:
Change Dir: /root/c/file_transfer/src/CMakeFiles/CMakeTmp

Run Build Command:"/usr/bin/make" "cmTC_a3284/fast"
/usr/bin/make -f CMakeFiles/cmTC_a3284.dir/build.make CMakeFiles/cmTC_a3284.dir/build
make[1]: Entering directory '/root/c/file_transfer/src/CMakeFiles/CMakeTmp'
Building C object CMakeFiles/cmTC_a3284.dir/CheckFunctionExists.c.o
/usr/bin/cc    -DCHECK_FUNCTION_EXISTS=pthread_create   -o CMakeFiles/cmTC_a3284.dir/CheckFunctionExists.c.o   -c /usr/share/cmake-3.5/Modules/CheckFunctionExists.c
Linking C executable cmTC_a3284
/usr/bin/cmake -E cmake_link_script CMakeFiles/cmTC_a3284.dir/link.txt --verbose=1
/usr/bin/cc   -DCHECK_FUNCTION_EXISTS=pthread_create    CMakeFiles/cmTC_a3284.dir/CheckFunctionExists.c.o  -o cmTC_a3284 -lpthreads 
/usr/bin/ld: cannot find -lpthreads
collect2: error: ld returned 1 exit status
CMakeFiles/cmTC_a3284.dir/build.make:97: recipe for target 'cmTC_a3284' failed
make[1]: *** [cmTC_a3284] Error 1
make[1]: Leaving directory '/root/c/file_transfer/src/CMakeFiles/CMakeTmp'
Makefile:126: recipe for target 'cmTC_a3284/fast' failed
make: *** [cmTC_a3284/fast] Error 2


